#! /usr/bin/vvp
:ivl_version "11.0 (stable)";
:ivl_delay_selection "TYPICAL";
:vpi_time_precision + 0;
:vpi_module "/usr/lib/x86_64-linux-gnu/ivl/system.vpi";
:vpi_module "/usr/lib/x86_64-linux-gnu/ivl/vhdl_sys.vpi";
:vpi_module "/usr/lib/x86_64-linux-gnu/ivl/vhdl_textio.vpi";
:vpi_module "/usr/lib/x86_64-linux-gnu/ivl/v2005_math.vpi";
:vpi_module "/usr/lib/x86_64-linux-gnu/ivl/va_math.vpi";
S_0x5586484d10e0 .scope module, "half_adder_tb" "half_adder_tb" 2 1;
 .timescale 0 0;
v0x5586484e45e0_0 .var "A", 0 0;
v0x5586484e46a0_0 .var "B", 0 0;
v0x5586484e4770_0 .net "Carry", 0 0, L_0x5586484e4aa0;  1 drivers
v0x5586484e4870_0 .net "Sum", 0 0, L_0x5586484e4940;  1 drivers
S_0x5586484d1270 .scope module, "UUT" "half_adder" 2 7, 3 1 0, S_0x5586484d10e0;
 .timescale 0 0;
    .port_info 0 /INPUT 1 "a";
    .port_info 1 /INPUT 1 "b";
    .port_info 2 /OUTPUT 1 "sum";
    .port_info 3 /OUTPUT 1 "carry";
L_0x5586484e4940 .functor XOR 1, v0x5586484e45e0_0, v0x5586484e46a0_0, C4<0>, C4<0>;
L_0x5586484e4aa0 .functor AND 1, v0x5586484e45e0_0, v0x5586484e46a0_0, C4<1>, C4<1>;
v0x5586484d1400_0 .net "a", 0 0, v0x5586484e45e0_0;  1 drivers
v0x5586484e4310_0 .net "b", 0 0, v0x5586484e46a0_0;  1 drivers
v0x5586484e43d0_0 .net "carry", 0 0, L_0x5586484e4aa0;  alias, 1 drivers
v0x5586484e4470_0 .net "sum", 0 0, L_0x5586484e4940;  alias, 1 drivers
    .scope S_0x5586484d10e0;
T_0 ;
    %vpi_call 2 15 "$monitor", "Time = %0t : A = %b, B = %b -> Sum = %b, Carry = %b", $time, v0x5586484e45e0_0, v0x5586484e46a0_0, v0x5586484e4870_0, v0x5586484e4770_0 {0 0 0};
    %pushi/vec4 0, 0, 1;
    %store/vec4 v0x5586484e45e0_0, 0, 1;
    %pushi/vec4 0, 0, 1;
    %store/vec4 v0x5586484e46a0_0, 0, 1;
    %delay 10, 0;
    %pushi/vec4 0, 0, 1;
    %store/vec4 v0x5586484e45e0_0, 0, 1;
    %pushi/vec4 1, 0, 1;
    %store/vec4 v0x5586484e46a0_0, 0, 1;
    %delay 10, 0;
    %pushi/vec4 1, 0, 1;
    %store/vec4 v0x5586484e45e0_0, 0, 1;
    %pushi/vec4 0, 0, 1;
    %store/vec4 v0x5586484e46a0_0, 0, 1;
    %delay 10, 0;
    %pushi/vec4 1, 0, 1;
    %store/vec4 v0x5586484e45e0_0, 0, 1;
    %pushi/vec4 1, 0, 1;
    %store/vec4 v0x5586484e46a0_0, 0, 1;
    %delay 10, 0;
    %vpi_call 2 24 "$finish" {0 0 0};
    %end;
    .thread T_0;
    .scope S_0x5586484d10e0;
T_1 ;
    %vpi_call 2 27 "$dumpfile", "half_adder.vcd" {0 0 0};
    %vpi_call 2 28 "$dumpvars", 32'sb00000000000000000000000000000000, S_0x5586484d10e0 {0 0 0};
    %end;
    .thread T_1;
# The file index is used to find the file name in the following table.
:file_names 4;
    "N/A";
    "<interactive>";
    "half_adder_tb.v";
    "half_adder.v";
